[  1735.608] (--) Log file renamed from "/home/viban/.local/share/xorg/Xorg.pid-1230.log" to "/home/viban/.local/share/xorg/Xorg.0.log"
[  1735.610] 
X.Org X Server 1.20.5
X Protocol Version 11, Revision 0
[  1735.610] Build Operating System: Linux 4.4.0-170-generic x86_64 Ubuntu
[  1735.610] Current Operating System: Linux viban-VirtualBox 5.3.0-42-generic #34~18.04.1-Ubuntu SMP Fri Feb 28 13:42:26 UTC 2020 x86_64
[  1735.610] Kernel command line: BOOT_IMAGE=/boot/vmlinuz-5.3.0-42-generic root=UUID=4acb9c3a-fa99-4b39-a7fb-2af5ae176900 ro quiet splash
[  1735.610] Build Date: 18 December 2019  08:15:29AM
[  1735.610] xorg-server-hwe-18.04 2:1.20.5+git20191008-0ubuntu1~18.04.1 (For technical support please see http://www.ubuntu.com/support) 
[  1735.610] Current version of pixman: 0.34.0
[  1735.610] 	Before reporting problems, check http://wiki.x.org
	to make sure that you have the latest version.
[  1735.610] Markers: (--) probed, (**) from config file, (==) default setting,
	(++) from command line, (!!) notice, (II) informational,
	(WW) warning, (EE) error, (NI) not implemented, (??) unknown.
[  1735.610] (==) Log file: "/home/viban/.local/share/xorg/Xorg.0.log", Time: Wed Mar 25 23:38:14 2020
[  1735.611] (==) Using system config directory "/usr/share/X11/xorg.conf.d"
[  1735.614] (==) No Layout section.  Using the first Screen section.
[  1735.614] (==) No screen section available. Using defaults.
[  1735.614] (**) |-->Screen "Default Screen Section" (0)
[  1735.614] (**) |   |-->Monitor "<default monitor>"
[  1735.617] (==) No monitor specified for screen "Default Screen Section".
	Using a default monitor configuration.
[  1735.617] (==) Automatically adding devices
[  1735.617] (==) Automatically enabling devices
[  1735.617] (==) Automatically adding GPU devices
[  1735.617] (==) Automatically binding GPU devices
[  1735.617] (==) Max clients allowed: 256, resource mask: 0x1fffff
[  1735.617] (WW) The directory "/usr/share/fonts/X11/cyrillic" does not exist.
[  1735.617] 	Entry deleted from font path.
[  1735.617] (WW) The directory "/usr/share/fonts/X11/100dpi/" does not exist.
[  1735.617] 	Entry deleted from font path.
[  1735.617] (WW) The directory "/usr/share/fonts/X11/75dpi/" does not exist.
[  1735.617] 	Entry deleted from font path.
[  1735.617] (WW) The directory "/usr/share/fonts/X11/100dpi" does not exist.
[  1735.617] 	Entry deleted from font path.
[  1735.617] (WW) The directory "/usr/share/fonts/X11/75dpi" does not exist.
[  1735.617] 	Entry deleted from font path.
[  1735.617] (==) FontPath set to:
	/usr/share/fonts/X11/misc,
	/usr/share/fonts/X11/Type1,
	built-ins
[  1735.617] (==) ModulePath set to "/usr/lib/xorg/modules"
[  1735.617] (II) The server relies on udev to provide the list of input devices.
	If no devices become available, reconfigure udev or disable AutoAddDevices.
[  1735.617] (II) Loader magic: 0x55c1cc63d020
[  1735.617] (II) Module ABI versions:
[  1735.617] 	X.Org ANSI C Emulation: 0.4
[  1735.617] 	X.Org Video Driver: 24.0
[  1735.617] 	X.Org XInput driver : 24.1
[  1735.617] 	X.Org Server Extension : 10.0
[  1735.623] (++) using VT number 2

[  1735.628] (II) systemd-logind: took control of session /org/freedesktop/login1/session/_36
[  1735.630] (II) xfree86: Adding drm device (/dev/dri/card0)
[  1735.631] (II) systemd-logind: got fd for /dev/dri/card0 226:0 fd 12 paused 0
[  1735.634] (--) PCI:*(0@0:2:0) 15ad:0405:15ad:0405 rev 0, Mem @ 0xf0000000/134217728, 0xf8000000/2097152, I/O @ 0x0000d010/16, BIOS @ 0x????????/131072
[  1735.635] (II) LoadModule: "glx"
[  1735.637] (II) Loading /usr/lib/xorg/modules/extensions/libglx.so
[  1735.642] (II) Module glx: vendor="X.Org Foundation"
[  1735.642] 	compiled for 1.20.5, module version = 1.0.0
[  1735.642] 	ABI class: X.Org Server Extension, version 10.0
[  1735.642] (==) Matched vmware as autoconfigured driver 0
[  1735.642] (==) Matched modesetting as autoconfigured driver 1
[  1735.642] (==) Matched fbdev as autoconfigured driver 2
[  1735.642] (==) Matched vesa as autoconfigured driver 3
[  1735.642] (==) Assigned the driver to the xf86ConfigLayout
[  1735.642] (II) LoadModule: "vmware"
[  1735.643] (II) Loading /usr/lib/xorg/modules/drivers/vmware_drv.so
[  1735.691] (II) Module vmware: vendor="X.Org Foundation"
[  1735.691] 	compiled for 1.20.1, module version = 13.3.0
[  1735.691] 	Module class: X.Org Video Driver
[  1735.691] 	ABI class: X.Org Video Driver, version 24.0
[  1735.691] (II) LoadModule: "modesetting"
[  1735.691] (II) Loading /usr/lib/xorg/modules/drivers/modesetting_drv.so
[  1735.693] (II) Module modesetting: vendor="X.Org Foundation"
[  1735.693] 	compiled for 1.20.5, module version = 1.20.5
[  1735.693] 	Module class: X.Org Video Driver
[  1735.693] 	ABI class: X.Org Video Driver, version 24.0
[  1735.694] (II) LoadModule: "fbdev"
[  1735.694] (II) Loading /usr/lib/xorg/modules/drivers/fbdev_drv.so
[  1735.695] (II) Module fbdev: vendor="X.Org Foundation"
[  1735.695] 	compiled for 1.20.1, module version = 0.5.0
[  1735.695] 	Module class: X.Org Video Driver
[  1735.695] 	ABI class: X.Org Video Driver, version 24.0
[  1735.695] (II) LoadModule: "vesa"
[  1735.695] (II) Loading /usr/lib/xorg/modules/drivers/vesa_drv.so
[  1735.696] (II) Module vesa: vendor="X.Org Foundation"
[  1735.696] 	compiled for 1.20.1, module version = 2.4.0
[  1735.696] 	Module class: X.Org Video Driver
[  1735.696] 	ABI class: X.Org Video Driver, version 24.0
[  1735.696] (II) vmware: driver for VMware SVGA: vmware0405, vmware0710
[  1735.696] (II) modesetting: Driver for Modesetting Kernel Drivers: kms
[  1735.696] (II) FBDEV: driver for framebuffer: fbdev
[  1735.696] (II) VESA: driver for VESA chipsets: vesa
[  1735.696] xf86EnableIOPorts: failed to set IOPL for I/O (Operation not permitted)
[  1735.696] (WW) Falling back to old probe method for modesetting
[  1735.696] (WW) Falling back to old probe method for fbdev
[  1735.696] (II) Loading sub module "fbdevhw"
[  1735.696] (II) LoadModule: "fbdevhw"
[  1735.696] (II) Loading /usr/lib/xorg/modules/libfbdevhw.so
[  1735.697] (II) Module fbdevhw: vendor="X.Org Foundation"
[  1735.697] 	compiled for 1.20.5, module version = 0.0.2
[  1735.697] 	ABI class: X.Org Video Driver, version 24.0
[  1735.697] (EE) open /dev/fb0: Permission denied
[  1735.697] (WW) VGA arbiter: cannot open kernel arbiter, no multi-card support
[  1735.697] (II) vmware(0): Creating default Display subsection in Screen section
	"Default Screen Section" for depth/fbbpp 24/32
[  1735.697] (--) vmware(0): DRM driver version is 2.15.0
[  1735.697] (==) vmware(0): Depth 24, (--) framebuffer bpp 32
[  1735.697] (==) vmware(0): RGB weight 888
[  1735.697] (==) vmware(0): Default visual is TrueColor
[  1735.697] (--) vmware(0): Min width 1, Max Width 8192.
[  1735.697] (--) vmware(0): Min height 1, Max Height 8192.
[  1735.697] (II) vmware(0): Output Virtual1 has no monitor section
[  1735.697] (II) vmware(0): Output Virtual2 has no monitor section
[  1735.697] (II) vmware(0): Output Virtual3 has no monitor section
[  1735.697] (II) vmware(0): Output Virtual4 has no monitor section
[  1735.697] (II) vmware(0): Output Virtual5 has no monitor section
[  1735.697] (II) vmware(0): Output Virtual6 has no monitor section
[  1735.697] (II) vmware(0): Output Virtual7 has no monitor section
[  1735.697] (II) vmware(0): Output Virtual8 has no monitor section
[  1735.697] (II) vmware(0): Printing probed modes for output Virtual1
[  1735.697] (II) vmware(0): Modeline "800x600"x60.0   42.75  800 850 900 950  600 650 700 750 -hsync +vsync (45.0 kHz eP)
[  1735.697] (II) vmware(0): Modeline "2560x1600"x60.0  348.50  2560 2752 3032 3504  1600 1603 1609 1658 -hsync +vsync (99.5 kHz e)
[  1735.697] (II) vmware(0): Modeline "1920x1440"x60.0  234.00  1920 2048 2256 2600  1440 1441 1444 1500 -hsync +vsync (90.0 kHz e)
[  1735.697] (II) vmware(0): Modeline "1856x1392"x60.0  218.25  1856 1952 2176 2528  1392 1393 1396 1439 -hsync +vsync (86.3 kHz e)
[  1735.697] (II) vmware(0): Modeline "1792x1344"x60.0  204.75  1792 1920 2120 2448  1344 1345 1348 1394 -hsync +vsync (83.6 kHz e)
[  1735.697] (II) vmware(0): Modeline "1920x1200"x59.9  193.25  1920 2056 2256 2592  1200 1203 1209 1245 -hsync +vsync (74.6 kHz e)
[  1735.697] (II) vmware(0): Modeline "1600x1200"x60.0  162.00  1600 1664 1856 2160  1200 1201 1204 1250 +hsync +vsync (75.0 kHz e)
[  1735.697] (II) vmware(0): Modeline "1680x1050"x60.0  146.25  1680 1784 1960 2240  1050 1053 1059 1089 -hsync +vsync (65.3 kHz e)
[  1735.697] (II) vmware(0): Modeline "1400x1050"x60.0  121.75  1400 1488 1632 1864  1050 1053 1057 1089 -hsync +vsync (65.3 kHz e)
[  1735.697] (II) vmware(0): Modeline "1280x1024"x60.0  108.00  1280 1328 1440 1688  1024 1025 1028 1066 +hsync +vsync (64.0 kHz e)
[  1735.697] (II) vmware(0): Modeline "1440x900"x59.9  106.50  1440 1520 1672 1904  900 903 909 934 -hsync +vsync (55.9 kHz e)
[  1735.697] (II) vmware(0): Modeline "1280x960"x60.0  108.00  1280 1376 1488 1800  960 961 964 1000 +hsync +vsync (60.0 kHz e)
[  1735.697] (II) vmware(0): Modeline "1360x768"x60.0   85.50  1360 1424 1536 1792  768 771 777 795 +hsync +vsync (47.7 kHz e)
[  1735.697] (II) vmware(0): Modeline "1280x800"x59.8   83.50  1280 1352 1480 1680  800 803 809 831 +hsync -vsync (49.7 kHz e)
[  1735.697] (II) vmware(0): Modeline "1152x864"x75.0  108.00  1152 1216 1344 1600  864 865 868 900 +hsync +vsync (67.5 kHz e)
[  1735.697] (II) vmware(0): Modeline "1280x768"x59.9   79.50  1280 1344 1472 1664  768 771 778 798 -hsync +vsync (47.8 kHz e)
[  1735.697] (II) vmware(0): Modeline "1024x768"x60.0   65.00  1024 1048 1184 1344  768 771 777 806 -hsync -vsync (48.4 kHz e)
[  1735.697] (II) vmware(0): Modeline "800x600"x60.3   40.00  800 840 968 1056  600 601 605 628 +hsync +vsync (37.9 kHz e)
[  1735.697] (II) vmware(0): Modeline "640x480"x59.9   25.18  640 656 752 800  480 489 492 525 -hsync -vsync (31.5 kHz e)
[  1735.697] (II) vmware(0): EDID for output Virtual2
[  1735.697] (II) vmware(0): EDID for output Virtual3
[  1735.697] (II) vmware(0): EDID for output Virtual4
[  1735.698] (II) vmware(0): EDID for output Virtual5
[  1735.698] (II) vmware(0): EDID for output Virtual6
[  1735.698] (II) vmware(0): EDID for output Virtual7
[  1735.698] (II) vmware(0): EDID for output Virtual8
[  1735.698] (II) vmware(0): Output Virtual1 connected
[  1735.698] (II) vmware(0): Output Virtual2 disconnected
[  1735.698] (II) vmware(0): Output Virtual3 disconnected
[  1735.698] (II) vmware(0): Output Virtual4 disconnected
[  1735.698] (II) vmware(0): Output Virtual5 disconnected
[  1735.698] (II) vmware(0): Output Virtual6 disconnected
[  1735.698] (II) vmware(0): Output Virtual7 disconnected
[  1735.698] (II) vmware(0): Output Virtual8 disconnected
[  1735.698] (II) vmware(0): Using exact sizes for initial modes
[  1735.698] (II) vmware(0): Output Virtual1 using initial mode 800x600 +0+0
[  1735.698] (==) vmware(0): DPI set to (96, 96)
[  1735.698] (==) vmware(0): Using gamma correction (1.0, 1.0, 1.0)
[  1735.698] (II) Loading sub module "fb"
[  1735.698] (II) LoadModule: "fb"
[  1735.698] (II) Loading /usr/lib/xorg/modules/libfb.so
[  1735.700] (II) Module fb: vendor="X.Org Foundation"
[  1735.700] 	compiled for 1.20.5, module version = 1.0.0
[  1735.700] 	ABI class: X.Org ANSI C Emulation, version 0.4
[  1735.700] (II) Loading sub module "dri2"
[  1735.700] (II) LoadModule: "dri2"
[  1735.700] (II) Module "dri2" already built-in
[  1735.700] (II) Loading sub module "dri3"
[  1735.700] (II) LoadModule: "dri3"
[  1735.700] (II) Module "dri3" already built-in
[  1735.700] (II) UnloadModule: "modesetting"
[  1735.700] (II) Unloading modesetting
[  1735.700] (II) UnloadModule: "fbdev"
[  1735.700] (II) Unloading fbdev
[  1735.700] (II) UnloadSubModule: "fbdevhw"
[  1735.700] (II) Unloading fbdevhw
[  1735.700] (II) UnloadModule: "vesa"
[  1735.700] (II) Unloading vesa
[  1735.701] (II) vmware(0): Initialized VMWARE_CTRL extension version 0.2
[  1735.711] (WW) vmware(0): Failed to initialize Gallium3D Xa. No render acceleration available.
[  1735.711] (WW) vmware(0): Skipped initialization of direct rendering due to lack of render acceleration.
[  1735.711] (--) vmware(0): Render acceleration is disabled.
[  1735.711] (==) vmware(0): Rendercheck mode is disabled.
[  1735.711] (--) vmware(0): Direct rendering (DRI2 3D) is disabled.
[  1735.711] (--) vmware(0): Direct rendering (DRI3 3D) is disabled.
[  1735.711] (==) vmware(0): Backing store enabled
[  1735.711] (==) vmware(0): Silken mouse enabled
[  1735.714] (==) vmware(0): DPMS enabled
[  1735.714] (II) vmware(0): No 3D acceleration. Not setting up textured video.
[  1735.714] (WW) vmware(0): Disabling Xv because no adaptors could be initialized.
[  1735.714] (II) Initializing extension Generic Event Extension
[  1735.714] (II) Initializing extension SHAPE
[  1735.714] (II) Initializing extension MIT-SHM
[  1735.714] (II) Initializing extension XInputExtension
[  1735.715] (II) Initializing extension XTEST
[  1735.715] (II) Initializing extension BIG-REQUESTS
[  1735.715] (II) Initializing extension SYNC
[  1735.715] (II) Initializing extension XKEYBOARD
[  1735.716] (II) Initializing extension XC-MISC
[  1735.716] (II) Initializing extension SECURITY
[  1735.716] (II) Initializing extension XFIXES
[  1735.716] (II) Initializing extension RENDER
[  1735.716] (II) Initializing extension RANDR
[  1735.716] (II) Initializing extension COMPOSITE
[  1735.717] (II) Initializing extension DAMAGE
[  1735.717] (II) Initializing extension MIT-SCREEN-SAVER
[  1735.717] (II) Initializing extension DOUBLE-BUFFER
[  1735.717] (II) Initializing extension RECORD
[  1735.717] (II) Initializing extension DPMS
[  1735.717] (II) Initializing extension Present
[  1735.718] (II) Initializing extension DRI3
[  1735.718] (II) Initializing extension X-Resource
[  1735.718] (II) Initializing extension XVideo
[  1735.718] (II) Initializing extension XVideo-MotionCompensation
[  1735.718] (II) Initializing extension SELinux
[  1735.718] (II) SELinux: Disabled on system
[  1735.718] (II) Initializing extension GLX
[  1735.718] (II) AIGLX: Screen 0 is not DRI2 capable
[  1735.722] (II) IGLX: Loaded and initialized swrast
[  1735.722] (II) GLX: Initialized DRISWRAST GL provider for screen 0
[  1735.722] (II) Initializing extension XFree86-VidModeExtension
[  1735.723] (II) Initializing extension XFree86-DGA
[  1735.723] (II) Initializing extension XFree86-DRI
[  1735.723] (II) Initializing extension DRI2
[  1735.726] (II) vmware(0): Setting screen physical size to 211 x 158
[  1735.763] (II) config/udev: Adding input device Power Button (/dev/input/event0)
[  1735.764] (**) Power Button: Applying InputClass "libinput keyboard catchall"
[  1735.764] (II) LoadModule: "libinput"
[  1735.764] (II) Loading /usr/lib/xorg/modules/input/libinput_drv.so
[  1735.766] (II) Module libinput: vendor="X.Org Foundation"
[  1735.766] 	compiled for 1.20.1, module version = 0.28.1
[  1735.766] 	Module class: X.Org XInput Driver
[  1735.766] 	ABI class: X.Org XInput driver, version 24.1
[  1735.766] (II) Using input driver 'libinput' for 'Power Button'
[  1735.767] (II) systemd-logind: got fd for /dev/input/event0 13:64 fd 20 paused 0
[  1735.767] (**) Power Button: always reports core events
[  1735.767] (**) Option "Device" "/dev/input/event0"
[  1735.767] (**) Option "_source" "server/udev"
[  1735.768] (II) event0  - Power Button: is tagged by udev as: Keyboard
[  1735.768] (II) event0  - Power Button: device is a keyboard
[  1735.768] (II) event0  - Power Button: device removed
[  1735.768] (**) Option "config_info" "udev:/sys/devices/LNXSYSTM:00/LNXPWRBN:00/input/input0/event0"
[  1735.768] (II) XINPUT: Adding extended input device "Power Button" (type: KEYBOARD, id 6)
[  1735.768] (**) Option "xkb_model" "pc105"
[  1735.768] (**) Option "xkb_layout" "us"
[  1735.769] (II) event0  - Power Button: is tagged by udev as: Keyboard
[  1735.769] (II) event0  - Power Button: device is a keyboard
[  1735.769] (II) config/udev: Adding input device Sleep Button (/dev/input/event1)
[  1735.769] (**) Sleep Button: Applying InputClass "libinput keyboard catchall"
[  1735.769] (II) Using input driver 'libinput' for 'Sleep Button'
[  1735.771] (II) systemd-logind: got fd for /dev/input/event1 13:65 fd 23 paused 0
[  1735.771] (**) Sleep Button: always reports core events
[  1735.771] (**) Option "Device" "/dev/input/event1"
[  1735.771] (**) Option "_source" "server/udev"
[  1735.771] (II) event1  - Sleep Button: is tagged by udev as: Keyboard
[  1735.771] (II) event1  - Sleep Button: device is a keyboard
[  1735.771] (II) event1  - Sleep Button: device removed
[  1735.772] (**) Option "config_info" "udev:/sys/devices/LNXSYSTM:00/LNXSLPBN:00/input/input1/event1"
[  1735.772] (II) XINPUT: Adding extended input device "Sleep Button" (type: KEYBOARD, id 7)
[  1735.772] (**) Option "xkb_model" "pc105"
[  1735.772] (**) Option "xkb_layout" "us"
[  1735.772] (II) event1  - Sleep Button: is tagged by udev as: Keyboard
[  1735.772] (II) event1  - Sleep Button: device is a keyboard
[  1735.772] (II) config/udev: Adding input device Video Bus (/dev/input/event3)
[  1735.773] (**) Video Bus: Applying InputClass "libinput keyboard catchall"
[  1735.773] (II) Using input driver 'libinput' for 'Video Bus'
[  1735.773] (II) systemd-logind: got fd for /dev/input/event3 13:67 fd 24 paused 0
[  1735.773] (**) Video Bus: always reports core events
[  1735.773] (**) Option "Device" "/dev/input/event3"
[  1735.773] (**) Option "_source" "server/udev"
[  1735.774] (II) event3  - Video Bus: is tagged by udev as: Keyboard
[  1735.774] (II) event3  - Video Bus: device is a keyboard
[  1735.774] (II) event3  - Video Bus: device removed
[  1735.774] (**) Option "config_info" "udev:/sys/devices/LNXSYSTM:00/LNXSYBUS:00/PNP0A03:00/LNXVIDEO:00/input/input4/event3"
[  1735.774] (II) XINPUT: Adding extended input device "Video Bus" (type: KEYBOARD, id 8)
[  1735.774] (**) Option "xkb_model" "pc105"
[  1735.774] (**) Option "xkb_layout" "us"
[  1735.775] (II) event3  - Video Bus: is tagged by udev as: Keyboard
[  1735.775] (II) event3  - Video Bus: device is a keyboard
[  1735.776] (II) config/udev: Adding input device VirtualBox mouse integration (/dev/input/event6)
[  1735.776] (**) VirtualBox mouse integration: Applying InputClass "libinput pointer catchall"
[  1735.776] (II) Using input driver 'libinput' for 'VirtualBox mouse integration'
[  1735.777] (II) systemd-logind: got fd for /dev/input/event6 13:70 fd 25 paused 0
[  1735.777] (**) VirtualBox mouse integration: always reports core events
[  1735.777] (**) Option "Device" "/dev/input/event6"
[  1735.777] (**) Option "_source" "server/udev"
[  1735.777] (II) event6  - VirtualBox mouse integration: is tagged by udev as: Mouse
[  1735.777] (II) event6  - VirtualBox mouse integration: device is a pointer
[  1735.777] (II) event6  - VirtualBox mouse integration: device removed
[  1735.777] (**) Option "config_info" "udev:/sys/devices/pci0000:00/0000:00:04.0/input/input7/event6"
[  1735.777] (II) XINPUT: Adding extended input device "VirtualBox mouse integration" (type: MOUSE, id 9)
[  1735.777] (**) Option "AccelerationScheme" "none"
[  1735.777] (**) VirtualBox mouse integration: (accel) selected scheme none/0
[  1735.777] (**) VirtualBox mouse integration: (accel) acceleration factor: 2.000
[  1735.777] (**) VirtualBox mouse integration: (accel) acceleration threshold: 4
[  1735.778] (II) event6  - VirtualBox mouse integration: is tagged by udev as: Mouse
[  1735.778] (II) event6  - VirtualBox mouse integration: device is a pointer
[  1735.778] (II) config/udev: Adding input device VirtualBox mouse integration (/dev/input/js1)
[  1735.778] (II) No input driver specified, ignoring this device.
[  1735.778] (II) This device may have been added with another device file.
[  1735.779] (II) config/udev: Adding input device VirtualBox USB Tablet (/dev/input/event5)
[  1735.779] (**) VirtualBox USB Tablet: Applying InputClass "libinput pointer catchall"
[  1735.779] (II) Using input driver 'libinput' for 'VirtualBox USB Tablet'
[  1735.840] (II) systemd-logind: got fd for /dev/input/event5 13:69 fd 26 paused 0
[  1735.840] (**) VirtualBox USB Tablet: always reports core events
[  1735.840] (**) Option "Device" "/dev/input/event5"
[  1735.840] (**) Option "_source" "server/udev"
[  1735.841] (II) event5  - VirtualBox USB Tablet: is tagged by udev as: Mouse
[  1735.841] (II) event5  - VirtualBox USB Tablet: device is a pointer
[  1735.841] (II) event5  - VirtualBox USB Tablet: device removed
[  1735.841] (**) Option "config_info" "udev:/sys/devices/pci0000:00/0000:00:06.0/usb1/1-1/1-1:1.0/0003:80EE:0021.0001/input/input6/event5"
[  1735.841] (II) XINPUT: Adding extended input device "VirtualBox USB Tablet" (type: MOUSE, id 10)
[  1735.841] (**) Option "AccelerationScheme" "none"
[  1735.841] (**) VirtualBox USB Tablet: (accel) selected scheme none/0
[  1735.841] (**) VirtualBox USB Tablet: (accel) acceleration factor: 2.000
[  1735.841] (**) VirtualBox USB Tablet: (accel) acceleration threshold: 4
[  1735.842] (II) event5  - VirtualBox USB Tablet: is tagged by udev as: Mouse
[  1735.842] (II) event5  - VirtualBox USB Tablet: device is a pointer
[  1735.842] (II) config/udev: Adding input device VirtualBox USB Tablet (/dev/input/js0)
[  1735.842] (II) No input driver specified, ignoring this device.
[  1735.842] (II) This device may have been added with another device file.
[  1735.843] (II) config/udev: Adding input device VirtualBox USB Tablet (/dev/input/mouse1)
[  1735.843] (II) No input driver specified, ignoring this device.
[  1735.843] (II) This device may have been added with another device file.
[  1735.843] (II) config/udev: Adding input device AT Translated Set 2 keyboard (/dev/input/event2)
[  1735.843] (**) AT Translated Set 2 keyboard: Applying InputClass "libinput keyboard catchall"
[  1735.843] (II) Using input driver 'libinput' for 'AT Translated Set 2 keyboard'
[  1735.844] (II) systemd-logind: got fd for /dev/input/event2 13:66 fd 27 paused 0
[  1735.844] (**) AT Translated Set 2 keyboard: always reports core events
[  1735.844] (**) Option "Device" "/dev/input/event2"
[  1735.844] (**) Option "_source" "server/udev"
[  1735.844] (II) event2  - AT Translated Set 2 keyboard: is tagged by udev as: Keyboard
[  1735.844] (II) event2  - AT Translated Set 2 keyboard: device is a keyboard
[  1735.844] (II) event2  - AT Translated Set 2 keyboard: device removed
[  1735.844] (**) Option "config_info" "udev:/sys/devices/platform/i8042/serio0/input/input2/event2"
[  1735.844] (II) XINPUT: Adding extended input device "AT Translated Set 2 keyboard" (type: KEYBOARD, id 11)
[  1735.844] (**) Option "xkb_model" "pc105"
[  1735.844] (**) Option "xkb_layout" "us"
[  1735.845] (II) event2  - AT Translated Set 2 keyboard: is tagged by udev as: Keyboard
[  1735.845] (II) event2  - AT Translated Set 2 keyboard: device is a keyboard
[  1735.845] (II) config/udev: Adding input device ImExPS/2 Generic Explorer Mouse (/dev/input/event4)
[  1735.845] (**) ImExPS/2 Generic Explorer Mouse: Applying InputClass "libinput pointer catchall"
[  1735.845] (II) Using input driver 'libinput' for 'ImExPS/2 Generic Explorer Mouse'
[  1735.846] (II) systemd-logind: got fd for /dev/input/event4 13:68 fd 28 paused 0
[  1735.846] (**) ImExPS/2 Generic Explorer Mouse: always reports core events
[  1735.846] (**) Option "Device" "/dev/input/event4"
[  1735.846] (**) Option "_source" "server/udev"
[  1735.847] (II) event4  - ImExPS/2 Generic Explorer Mouse: is tagged by udev as: Mouse
[  1735.847] (II) event4  - ImExPS/2 Generic Explorer Mouse: device is a pointer
[  1735.847] (II) event4  - ImExPS/2 Generic Explorer Mouse: device removed
[  1735.847] (**) Option "config_info" "udev:/sys/devices/platform/i8042/serio1/input/input5/event4"
[  1735.847] (II) XINPUT: Adding extended input device "ImExPS/2 Generic Explorer Mouse" (type: MOUSE, id 12)
[  1735.847] (**) Option "AccelerationScheme" "none"
[  1735.847] (**) ImExPS/2 Generic Explorer Mouse: (accel) selected scheme none/0
[  1735.847] (**) ImExPS/2 Generic Explorer Mouse: (accel) acceleration factor: 2.000
[  1735.847] (**) ImExPS/2 Generic Explorer Mouse: (accel) acceleration threshold: 4
[  1735.847] (II) event4  - ImExPS/2 Generic Explorer Mouse: is tagged by udev as: Mouse
[  1735.847] (II) event4  - ImExPS/2 Generic Explorer Mouse: device is a pointer
[  1735.848] (II) config/udev: Adding input device ImExPS/2 Generic Explorer Mouse (/dev/input/mouse0)
[  1735.848] (II) No input driver specified, ignoring this device.
[  1735.848] (II) This device may have been added with another device file.
